{"message":"folder with id 4 created.","level":"info"}
{"message":"note with id 4 created.","level":"info"}
{"message":"folder with id 1 created.","level":"info"}
{"message":"folder with id 1 deleted.","level":"info"}
{"message":"title is required","level":"error"}
{"message":"title is required","level":"error"}
{"message":"folder with id 2 created.","level":"info"}
{"message":"title is required","level":"error"}
{"message":"folderId is required","level":"error"}
{"message":"folder with id 1 created.","level":"info"}
{"message":"folder with id 2 created.","level":"info"}
{"message":"folderId is required","level":"error"}
{"message":"folderId is required","level":"error"}
{"message":"folderId is required","level":"error"}
{"message":"note with id 1 created.","level":"info"}
{"message":"note with id 2 created.","level":"info"}
{"message":"title is required","level":"error"}
{"message":"folder with id 1 created.","level":"info"}
{"message":"note with id 1 created.","level":"info"}
{"message":"note with id 2 created.","level":"info"}
{"message":"Note with id 1 deleted.","level":"info"}
{"message":"Note with id 1 deleted.","level":"info"}
{"message":"Note with id 1 deleted.","level":"info"}
{"message":"Note with id 2 not found.","level":"error"}
{"message":"Note with id 2 not found.","level":"error"}
{"message":"Note with id 2 not found.","level":"error"}
{"message":"Note with id 2 not found.","level":"error"}
{"message":"Note with id 2 not found.","level":"error"}
{"message":"folder with id 1 created.","level":"info"}
{"message":"note with id 1 created.","level":"info"}
{"message":"Note with id 1 deleted.","level":"info"}
{"message":"Note with id 1 deleted.","level":"info"}
{"message":"Note with id 1 deleted.","level":"info"}
{"message":"Note with id 1 deleted.","level":"info"}
{"message":"note with id 2 created.","level":"info"}
{"message":"Note with id 2 not found.","level":"error"}
{"message":"Note with id 2 not found.","level":"error"}
{"message":"Note with id 2 not found.","level":"error"}
{"message":"Note with id 2 not found.","level":"error"}
{"message":"Note with id 2 not found.","level":"error"}
{"message":"Note with id 2 not found.","level":"error"}
{"message":"Note with id 2 not found.","level":"error"}
{"message":"Note with id 1 deleted.","level":"info"}
{"message":"Note with id 2 not found.","level":"error"}
{"message":"Note with id 2 not found.","level":"error"}
{"message":"folder with id 1 created.","level":"info"}
{"message":"note with id 1 created.","level":"info"}
{"message":"Note with id 1 deleted.","level":"info"}
{"message":"note with id 2 created.","level":"info"}
{"message":"Note with id 2 not found.","level":"error"}
{"message":"Note with id 2 not found.","level":"error"}
{"message":"Note with id 2 not found.","level":"error"}
{"message":"note with id 3 created.","level":"info"}
{"message":"Note with id 3 not found.","level":"error"}
{"message":"Note with id 2 not found.","level":"error"}
{"message":"folder with id 1 created.","level":"info"}
{"message":"note with id 1 created.","level":"info"}
{"message":"Note with id 1 deleted.","level":"info"}
{"message":"folder with id 1 created.","level":"info"}
{"message":"note with id 1 created.","level":"info"}
{"message":"Note with id 1 deleted.","level":"info"}
{"message":"folder with id 1 created.","level":"info"}
{"message":"note with id 1 created.","level":"info"}
{"message":"Note with id 1 deleted.","level":"info"}
{"message":"folder with id 2 created.","level":"info"}
{"message":"note with id 2 created.","level":"info"}
{"message":"Note with id 2 deleted.","level":"info"}
{"message":"note with id 3 created.","level":"info"}
{"message":"Note with id 3 not found.","level":"error"}
{"message":"Note with id 3 not found.","level":"error"}
{"message":"Note with id 3 not found.","level":"error"}
{"message":"folder with id 1 created.","level":"info"}
{"message":"note with id 1 created.","level":"info"}
{"message":"Note with id 1 deleted.","level":"info"}
{"message":"note with id 2 created.","level":"info"}
{"message":"Note with id 2 not found.","level":"error"}
{"message":"folder with id 1 created.","level":"info"}
{"message":"folder with id 1 created.","level":"info"}
{"message":"folder with id 1 created.","level":"info"}
{"message":"note with id 1 created.","level":"info"}
{"message":"Note with id 1 deleted.","level":"info"}
{"message":"folder with id 1 created.","level":"info"}
{"message":"note with id 1 created.","level":"info"}
{"message":"Note with id 1 deleted.","level":"info"}
{"message":"note with id 2 created.","level":"info"}
{"message":"Note with id 2 not found.","level":"error"}
{"message":"Note with id 2 not found.","level":"error"}
{"message":"Note with id 2 not found.","level":"error"}
{"message":"Note with id 2 not found.","level":"error"}
{"message":"Note with id 2 not found.","level":"error"}
{"message":"Note with id 2 not found.","level":"error"}
{"message":"Note with id 2 not found.","level":"error"}
{"message":"folder with id 1 created.","level":"info"}
{"message":"note with id 1 created.","level":"info"}
{"message":"Note with id 1 deleted.","level":"info"}
{"message":"note with id 2 created.","level":"info"}
{"message":"Note with id 2 not found.","level":"error"}
{"message":"Note with id 2 not found.","level":"error"}
{"message":"Note with id 2 not found.","level":"error"}
{"message":"Note with id 2 not found.","level":"error"}
{"message":"Note with id 2 not found.","level":"error"}
{"message":"Note with id 2 not found.","level":"error"}
{"message":"Note with id 2 not found.","level":"error"}
{"message":"Note with id 2 not found.","level":"error"}
{"message":"Note with id 2 not found.","level":"error"}
{"message":"Note with id 2 not found.","level":"error"}
{"message":"Note with id 2 not found.","level":"error"}
{"message":"Note with id 2 not found.","level":"error"}
{"message":"Note with id 2 not found.","level":"error"}
{"message":"Note with id 2 not found.","level":"error"}
{"message":"Note with id 2 not found.","level":"error"}
{"message":"Note with id 2 deleted.","level":"info"}
{"message":"Note with id 2 not found.","level":"error"}
{"message":"Note with id 2 not found.","level":"error"}
{"message":"folder with id 1 created.","level":"info"}
{"message":"note with id 1 created.","level":"info"}
{"message":"Note with id 1 deleted.","level":"info"}
{"message":"note with id 2 created.","level":"info"}
{"message":"Note with id 2 deleted.","level":"info"}
{"message":"note with id 3 created.","level":"info"}
{"message":"Note with id 3 deleted.","level":"info"}
{"message":"folder with id 2 created.","level":"info"}
{"message":"note with id 4 created.","level":"info"}
{"message":"Note with id 4 deleted.","level":"info"}
{"message":"note with id 5 created.","level":"info"}
{"message":"Note with id 5 deleted.","level":"info"}
{"message":"note with id 6 created.","level":"info"}
{"message":"Note with id 6 deleted.","level":"info"}
{"message":"folder with id 1 created.","level":"info"}
{"message":"note with id 1 created.","level":"info"}
{"message":"Note with id 1 deleted.","level":"info"}
{"message":"folder with id 1 created.","level":"info"}
